<?xml version="1.0" encoding="UTF-8"?>
<!-- Generated by org.testng.reporters.JUnitXMLReporter -->
<testsuite ignored="0" hostname="LAPTOP-KBNO7HO9" failures="0" tests="3" name="Test" time="190.644" errors="0" timestamp="2023-12-03T23:09:42 IST">
  <testcase classname="test.TC004_Negative_LogIn_TestCase" name="LogInTest" time="21.607"/>
  <testcase classname="test.TC004_Negative_LogIn_TestCase" name="LogInTest" time="24.633"/>
  <testcase classname="test.TC004_Negative_LogIn_TestCase" name="LogInTest" time="27.672"/>
</testsuite> <!-- Test -->
