<?xml version="1.0" encoding="UTF-8"?>
<!-- Generated by org.testng.reporters.JUnitXMLReporter -->
<testsuite ignored="0" hostname="LAPTOP-KBNO7HO9" failures="0" tests="3" name="Test" time="70.473" errors="0" timestamp="2023-12-03T23:06:31 IST">
  <testcase classname="test.TC003_PositiveLogIN_Test" name="LogInTest" time="12.636"/>
  <testcase classname="test.TC003_PositiveLogIN_Test" name="LogInTest" time="2.007"/>
  <testcase classname="test.TC003_PositiveLogIN_Test" name="LogInTest" time="2.801"/>
</testsuite> <!-- Test -->
