<?xml version="1.0" encoding="UTF-8"?>
<testng-results ignored="0" total="1" passed="1" failed="0" skipped="0">
  <reporter-output>
  </reporter-output>
  <suite started-at="2023-12-03T23:36:32 IST" name="Suite" finished-at="2023-12-03T23:36:45 IST" duration-ms="13204">
    <groups>
    </groups>
    <test started-at="2023-12-03T23:36:32 IST" name="Test" finished-at="2023-12-03T23:36:45 IST" duration-ms="13204">
      <class name="test.TC009_HomePageFunctionalities_Test">
        <test-method is-config="true" signature="browserLaunch(java.lang.String,java.lang.String)[pri:0, instance:test.TC009_HomePageFunctionalities_Test@4d0d9fe7]" started-at="2023-12-03T23:36:32 IST" name="browserLaunch" finished-at="2023-12-03T23:36:44 IST" duration-ms="12188" status="PASS">
          <params>
            <param index="0">
              <value>
                <![CDATA[chrome]]>
              </value>
            </param>
            <param index="1">
              <value>
                <![CDATA[https://www.spicejet.com/]]>
              </value>
            </param>
          </params>
          <reporter-output>
          </reporter-output>
        </test-method> <!-- browserLaunch -->
        <test-method signature="HomePageFunctions_Test()[pri:0, instance:test.TC009_HomePageFunctionalities_Test@4d0d9fe7]" started-at="2023-12-03T23:36:44 IST" name="HomePageFunctions_Test" finished-at="2023-12-03T23:36:45 IST" duration-ms="134" status="PASS">
          <reporter-output>
          </reporter-output>
        </test-method> <!-- HomePageFunctions_Test -->
        <test-method is-config="true" signature="closeBrowser()[pri:0, instance:test.TC009_HomePageFunctionalities_Test@4d0d9fe7]" started-at="2023-12-03T23:36:45 IST" name="closeBrowser" finished-at="2023-12-03T23:36:45 IST" duration-ms="1" status="PASS">
          <reporter-output>
          </reporter-output>
        </test-method> <!-- closeBrowser -->
      </class> <!-- test.TC009_HomePageFunctionalities_Test -->
    </test> <!-- Test -->
  </suite> <!-- Suite -->
</testng-results>
