<?xml version="1.0" encoding="UTF-8"?>
<testng-results ignored="0" total="1" passed="1" failed="0" skipped="0">
  <reporter-output>
  </reporter-output>
  <suite started-at="2023-12-05T11:50:02Z" name="Suite" finished-at="2023-12-05T11:50:50Z" duration-ms="47655">
    <groups>
    </groups>
    <test started-at="2023-12-05T11:50:02Z" name="Test" finished-at="2023-12-05T11:50:50Z" duration-ms="47655">
      <class name="test.TC001_Positive_SignUp_Test">
        <test-method is-config="true" signature="setup()[pri:0, instance:test.TC001_Positive_SignUp_Test@19e4653c]" started-at="2023-12-05T17:20:02Z" name="setup" finished-at="2023-12-05T17:20:02Z" duration-ms="15" status="PASS">
          <reporter-output>
          </reporter-output>
        </test-method> <!-- setup -->
        <test-method is-config="true" signature="browserLaunch(java.lang.String, java.lang.String)[pri:0, instance:test.TC001_Positive_SignUp_Test@19e4653c]" started-at="2023-12-05T17:20:04Z" name="browserLaunch" finished-at="2023-12-05T17:20:27Z" duration-ms="22630" status="PASS">
          <params>
            <param index="0">
              <value>
                <![CDATA[chrome]]>
              </value>
            </param>
            <param index="1">
              <value>
                <![CDATA[https://www.spicejet.com/]]>
              </value>
            </param>
          </params>
          <reporter-output>
          </reporter-output>
        </test-method> <!-- browserLaunch -->
        <test-method signature="signUpTest(java.lang.String, java.lang.String, java.lang.String, java.lang.String, java.lang.String, java.lang.String)[pri:0, instance:test.TC001_Positive_SignUp_Test@19e4653c]" started-at="2023-12-05T17:20:27Z" name="signUpTest" data-provider="getData" finished-at="2023-12-05T17:20:49Z" duration-ms="21911" status="PASS">
          <params>
            <param index="0">
              <value>
                <![CDATA[Kavin ]]>
              </value>
            </param>
            <param index="1">
              <value>
                <![CDATA[Roshan]]>
              </value>
            </param>
            <param index="2">
              <value>
                <![CDATA[6380630219]]>
              </value>
            </param>
            <param index="3">
              <value>
                <![CDATA[kavinroshan5@gmail.com]]>
              </value>
            </param>
            <param index="4">
              <value>
                <![CDATA[Roshan@12345]]>
              </value>
            </param>
            <param index="5">
              <value>
                <![CDATA[Roshan@12345]]>
              </value>
            </param>
          </params>
          <reporter-output>
          </reporter-output>
        </test-method> <!-- signUpTest -->
        <test-method is-config="true" signature="closeBrowser()[pri:0, instance:test.TC001_Positive_SignUp_Test@19e4653c]" started-at="2023-12-05T17:20:49Z" name="closeBrowser" finished-at="2023-12-05T17:20:49Z" duration-ms="0" status="PASS">
          <reporter-output>
          </reporter-output>
        </test-method> <!-- closeBrowser -->
      </class> <!-- test.TC001_Positive_SignUp_Test -->
    </test> <!-- Test -->
  </suite> <!-- Suite -->
</testng-results>
