<?xml version="1.0" encoding="UTF-8"?>
<testng-results ignored="0" total="1" passed="1" failed="0" skipped="0">
  <reporter-output>
  </reporter-output>
  <suite started-at="2023-12-03T17:58:20Z" name="Suite" finished-at="2023-12-03T17:59:30Z" duration-ms="69490">
    <groups>
    </groups>
    <test started-at="2023-12-03T17:58:20Z" name="Test" finished-at="2023-12-03T17:59:30Z" duration-ms="69490">
      <class name="test.TC007_PositiveRoundWayTrip_Test">
        <test-method is-config="true" signature="setup()[pri:0, instance:test.TC007_PositiveRoundWayTrip_Test@19e4653c]" started-at="2023-12-03T23:28:20Z" name="setup" finished-at="2023-12-03T23:28:20Z" duration-ms="16" status="PASS">
          <reporter-output>
          </reporter-output>
        </test-method> <!-- setup -->
        <test-method is-config="true" signature="browserLaunch(java.lang.String, java.lang.String)[pri:0, instance:test.TC007_PositiveRoundWayTrip_Test@19e4653c]" started-at="2023-12-03T23:28:22Z" name="browserLaunch" finished-at="2023-12-03T23:28:41Z" duration-ms="18171" status="PASS">
          <params>
            <param index="0">
              <value>
                <![CDATA[chrome]]>
              </value>
            </param>
            <param index="1">
              <value>
                <![CDATA[https://www.spicejet.com/]]>
              </value>
            </param>
          </params>
          <reporter-output>
          </reporter-output>
        </test-method> <!-- browserLaunch -->
        <test-method signature="RoundWayTrip_Test(java.lang.String, java.lang.String, java.lang.String, java.lang.String, java.lang.String, java.lang.String, java.lang.String, java.lang.String, java.lang.String, java.lang.String, java.lang.String)[pri:0, instance:test.TC007_PositiveRoundWayTrip_Test@19e4653c]" started-at="2023-12-03T23:28:41Z" name="RoundWayTrip_Test" data-provider="getData" finished-at="2023-12-03T23:29:29Z" duration-ms="48804" status="PASS">
          <params>
            <param index="0">
              <value>
                <![CDATA[Surya]]>
              </value>
            </param>
            <param index="1">
              <value>
                <![CDATA[Prakash]]>
              </value>
            </param>
            <param index="2">
              <value>
                <![CDATA[9876543210]]>
              </value>
            </param>
            <param index="3">
              <value>
                <![CDATA[surya123@gmail.com]]>
              </value>
            </param>
            <param index="4">
              <value>
                <![CDATA[India]]>
              </value>
            </param>
            <param index="5">
              <value>
                <![CDATA[Madurai]]>
              </value>
            </param>
            <param index="6">
              <value>
                <![CDATA[1234567890876546]]>
              </value>
            </param>
            <param index="7">
              <value>
                <![CDATA[Surya]]>
              </value>
            </param>
            <param index="8">
              <value>
                <![CDATA[12]]>
              </value>
            </param>
            <param index="9">
              <value>
                <![CDATA[5]]>
              </value>
            </param>
            <param index="10">
              <value>
                <![CDATA[123]]>
              </value>
            </param>
          </params>
          <reporter-output>
          </reporter-output>
        </test-method> <!-- RoundWayTrip_Test -->
        <test-method is-config="true" signature="closeBrowser()[pri:0, instance:test.TC007_PositiveRoundWayTrip_Test@19e4653c]" started-at="2023-12-03T23:29:30Z" name="closeBrowser" finished-at="2023-12-03T23:29:30Z" duration-ms="1" status="PASS">
          <reporter-output>
          </reporter-output>
        </test-method> <!-- closeBrowser -->
      </class> <!-- test.TC007_PositiveRoundWayTrip_Test -->
    </test> <!-- Test -->
  </suite> <!-- Suite -->
</testng-results>
